<?xml version="1.0" encoding="utf-8"?><testsuites><testsuite name="pytest" errors="0" failures="0" skipped="5" tests="8" time="0.208" timestamp="2022-03-30T14:09:58.714688" hostname="LAPTOP-Q111ACQ4"><testcase classname="test_main" name="test_isprime[5-True]" time="0.001"><skipped type="pytest.skip" message="unconditional skip">C:\Users\hp\PycharmProjects\PyTestClassExercise\test_main.py:4: unconditional skip</skipped></testcase><testcase classname="test_main" name="test_isprime[4-True]" time="0.001"><skipped type="pytest.skip" message="unconditional skip">C:\Users\hp\PycharmProjects\PyTestClassExercise\test_main.py:4: unconditional skip</skipped></testcase><testcase classname="test_main" name="test_isprime[7-True]" time="0.001"><skipped type="pytest.skip" message="unconditional skip">C:\Users\hp\PycharmProjects\PyTestClassExercise\test_main.py:4: unconditional skip</skipped></testcase><testcase classname="test_main" name="test_isprime[10-False]" time="0.000"><skipped type="pytest.skip" message="unconditional skip">C:\Users\hp\PycharmProjects\PyTestClassExercise\test_main.py:4: unconditional skip</skipped></testcase><testcase classname="test_main" name="test_ispalindrome[151-True]" time="0.002" /><testcase classname="test_main" name="test_ispalindrome[144-False]" time="0.003" /><testcase classname="test_main" name="test_ispalindrome[717-True]" time="0.001" /><testcase classname="test_main" name="test_ispalindrome[101-False]" time="0.002"><skipped type="pytest.xfail" message="" /></testcase></testsuite></testsuites>